Determining if the pthread_create exist failed with the following output:
Change Dir: /home/q/ros_ws/my_package_ws/build/catkin_tools_prebuild/CMakeFiles/CMakeTmp

Run Build Command:"/usr/bin/make" "cmTC_38fe2/fast"
/usr/bin/make -f CMakeFiles/cmTC_38fe2.dir/build.make CMakeFiles/cmTC_38fe2.dir/build
make[1]: Entering directory '/home/q/ros_ws/my_package_ws/build/catkin_tools_prebuild/CMakeFiles/CMakeTmp'
Building C object CMakeFiles/cmTC_38fe2.dir/CheckSymbolExists.c.o
/usr/bin/cc     -o CMakeFiles/cmTC_38fe2.dir/CheckSymbolExists.c.o   -c /home/q/ros_ws/my_package_ws/build/catkin_tools_prebuild/CMakeFiles/CMakeTmp/CheckSymbolExists.c
Linking C executable cmTC_38fe2
/usr/bin/cmake -E cmake_link_script CMakeFiles/cmTC_38fe2.dir/link.txt --verbose=1
/usr/bin/cc       CMakeFiles/cmTC_38fe2.dir/CheckSymbolExists.c.o  -o cmTC_38fe2 -rdynamic 
CMakeFiles/cmTC_38fe2.dir/CheckSymbolExists.c.o: In function `main':
CheckSymbolExists.c:(.text+0x16): undefined reference to `pthread_create'
collect2: error: ld returned 1 exit status
CMakeFiles/cmTC_38fe2.dir/build.make:97: recipe for target 'cmTC_38fe2' failed
make[1]: *** [cmTC_38fe2] Error 1
make[1]: Leaving directory '/home/q/ros_ws/my_package_ws/build/catkin_tools_prebuild/CMakeFiles/CMakeTmp'
Makefile:126: recipe for target 'cmTC_38fe2/fast' failed
make: *** [cmTC_38fe2/fast] Error 2

File /home/q/ros_ws/my_package_ws/build/catkin_tools_prebuild/CMakeFiles/CMakeTmp/CheckSymbolExists.c:
/* */
#include <pthread.h>

int main(int argc, char** argv)
{
  (void)argv;
#ifndef pthread_create
  return ((int*)(&pthread_create))[argc];
#else
  (void)argc;
  return 0;
#endif
}

Determining if the function pthread_create exists in the pthreads failed with the following output:
Change Dir: /home/q/ros_ws/my_package_ws/build/catkin_tools_prebuild/CMakeFiles/CMakeTmp

Run Build Command:"/usr/bin/make" "cmTC_ed902/fast"
/usr/bin/make -f CMakeFiles/cmTC_ed902.dir/build.make CMakeFiles/cmTC_ed902.dir/build
make[1]: Entering directory '/home/q/ros_ws/my_package_ws/build/catkin_tools_prebuild/CMakeFiles/CMakeTmp'
Building C object CMakeFiles/cmTC_ed902.dir/CheckFunctionExists.c.o
/usr/bin/cc    -DCHECK_FUNCTION_EXISTS=pthread_create   -o CMakeFiles/cmTC_ed902.dir/CheckFunctionExists.c.o   -c /usr/share/cmake-3.5/Modules/CheckFunctionExists.c
Linking C executable cmTC_ed902
/usr/bin/cmake -E cmake_link_script CMakeFiles/cmTC_ed902.dir/link.txt --verbose=1
/usr/bin/cc   -DCHECK_FUNCTION_EXISTS=pthread_create    CMakeFiles/cmTC_ed902.dir/CheckFunctionExists.c.o  -o cmTC_ed902 -rdynamic -lpthreads 
/usr/bin/ld: cannot find -lpthreads
collect2: error: ld returned 1 exit status
CMakeFiles/cmTC_ed902.dir/build.make:97: recipe for target 'cmTC_ed902' failed
make[1]: *** [cmTC_ed902] Error 1
make[1]: Leaving directory '/home/q/ros_ws/my_package_ws/build/catkin_tools_prebuild/CMakeFiles/CMakeTmp'
Makefile:126: recipe for target 'cmTC_ed902/fast' failed
make: *** [cmTC_ed902/fast] Error 2


